<?xml version="1.0" encoding="UTF-8"?>
<!-- Generated by org.testng.reporters.JUnitXMLReporter -->
<testsuite ignored="0" hostname="naimchowdhury-pc" failures="1" tests="1" name="RegressionofChrome" time="16.953" errors="0" timestamp="2022-01-26T11:51:56 EST">
  <testcase classname="projectd.amazon.amazontest" name="f" time="12.98">
    <failure type="org.openqa.selenium.ElementClickInterceptedException" message="element click intercepted: Element &amp;lt;div id=&amp;quot;addToCart_feature_div&amp;quot; class=&amp;quot;celwidget&amp;quot; data-feature-name=&amp;quot;addToCart&amp;quot; data-csa-c-id=&amp;quot;ey1461-hjg1st-x1d8g3-e7guet&amp;quot; data-cel-widget=&amp;quot;addToCart_feature_div&amp;quot;&amp;gt;...&amp;lt;/div&amp;gt; is not clickable at point (1369, 553). Other element would receive the click: &amp;lt;img id=&amp;quot;detailImg&amp;quot; src=&amp;quot;https://m.media-amazon.com/images/I/71WTF+xiiHL._AC_SL1354_.jpg&amp;quot; style=&amp;quot;position: absolute; left: -622.6px; top: -10.9688px;&amp;quot;&amp;gt;
  (Session info: chrome=97.0.4692.99)
Build info: version: &amp;apos;3.141.59&amp;apos;, revision: &amp;apos;e82be7d358&amp;apos;, time: &amp;apos;2018-11-14T08:17:03&amp;apos;
System info: host: &amp;apos;NAIMCHOWDHURY-P&amp;apos;, ip: &amp;apos;10.0.0.6&amp;apos;, os.name: &amp;apos;Windows 10&amp;apos;, os.arch: &amp;apos;amd64&amp;apos;, os.version: &amp;apos;10.0&amp;apos;, java.version: &amp;apos;17&amp;apos;
Driver info: org.openqa.selenium.chrome.ChromeDriver
Capabilities {acceptInsecureCerts: false, browserName: chrome, browserVersion: 97.0.4692.99, chrome: {chromedriverVersion: 97.0.4692.71 (adefa7837d02a..., userDataDir: C:\Users\naimu\AppData\Loca...}, goog:chromeOptions: {debuggerAddress: localhost:61064}, javascriptEnabled: true, networkConnectionEnabled: false, pageLoadStrategy: normal, platform: WINDOWS, platformName: WINDOWS, proxy: Proxy(), setWindowRect: true, strictFileInteractability: false, timeouts: {implicit: 0, pageLoad: 300000, script: 30000}, unhandledPromptBehavior: dismiss and notify, webauthn:extension:credBlob: true, webauthn:extension:largeBlob: true, webauthn:virtualAuthenticators: true}
Session ID: e5f72e44d85381242609d64be2bca948">
      <![CDATA[org.openqa.selenium.ElementClickInterceptedException: element click intercepted: Element <div id="addToCart_feature_div" class="celwidget" data-feature-name="addToCart" data-csa-c-id="ey1461-hjg1st-x1d8g3-e7guet" data-cel-widget="addToCart_feature_div">...</div> is not clickable at point (1369, 553). Other element would receive the click: <img id="detailImg" src="https://m.media-amazon.com/images/I/71WTF+xiiHL._AC_SL1354_.jpg" style="position: absolute; left: -622.6px; top: -10.9688px;">
  (Session info: chrome=97.0.4692.99)
Build info: version: '3.141.59', revision: 'e82be7d358', time: '2018-11-14T08:17:03'
System info: host: 'NAIMCHOWDHURY-P', ip: '10.0.0.6', os.name: 'Windows 10', os.arch: 'amd64', os.version: '10.0', java.version: '17'
Driver info: org.openqa.selenium.chrome.ChromeDriver
Capabilities {acceptInsecureCerts: false, browserName: chrome, browserVersion: 97.0.4692.99, chrome: {chromedriverVersion: 97.0.4692.71 (adefa7837d02a..., userDataDir: C:\Users\naimu\AppData\Loca...}, goog:chromeOptions: {debuggerAddress: localhost:61064}, javascriptEnabled: true, networkConnectionEnabled: false, pageLoadStrategy: normal, platform: WINDOWS, platformName: WINDOWS, proxy: Proxy(), setWindowRect: true, strictFileInteractability: false, timeouts: {implicit: 0, pageLoad: 300000, script: 30000}, unhandledPromptBehavior: dismiss and notify, webauthn:extension:credBlob: true, webauthn:extension:largeBlob: true, webauthn:virtualAuthenticators: true}
Session ID: e5f72e44d85381242609d64be2bca948
at org.openqa.selenium.remote.http.W3CHttpResponseCodec.createException(W3CHttpResponseCodec.java:187)
at org.openqa.selenium.remote.http.W3CHttpResponseCodec.decode(W3CHttpResponseCodec.java:122)
at org.openqa.selenium.remote.http.W3CHttpResponseCodec.decode(W3CHttpResponseCodec.java:49)
at org.openqa.selenium.remote.HttpCommandExecutor.execute(HttpCommandExecutor.java:158)
at org.openqa.selenium.remote.service.DriverCommandExecutor.execute(DriverCommandExecutor.java:83)
at org.openqa.selenium.remote.RemoteWebDriver.execute(RemoteWebDriver.java:552)
at org.openqa.selenium.remote.RemoteWebElement.execute(RemoteWebElement.java:285)
at org.openqa.selenium.remote.RemoteWebElement.click(RemoteWebElement.java:84)
at org.openqa.selenium.support.pagefactory.internal.LocatingElementHandler.invoke(LocatingElementHandler.java:51)
at jdk.proxy2/jdk.proxy2.$Proxy13.click(Unknown Source)
at projectd.amazon.addtocart.clickaddcart(addtocart.java:17)
at projectd.amazon.amazontest.f(amazontest.java:17)
at java.base/java.util.ArrayList.forEach(ArrayList.java:1511)
... Removed 36 stack frames]]>
    </failure>
  </testcase> <!-- f -->
</testsuite> <!-- RegressionofChrome -->
